{"total": {"lines":{"total":425,"covered":337,"skipped":0,"pct":79.29},"statements":{"total":471,"covered":383,"skipped":0,"pct":81.32},"functions":{"total":182,"covered":100,"skipped":0,"pct":54.95},"branches":{"total":18,"covered":5,"skipped":0,"pct":27.78}}
,"F:\\Projects\\DFSEO_API_Library\\src\\index.ts": {"lines":{"total":35,"covered":29,"skipped":0,"pct":82.86},"functions":{"total":4,"covered":4,"skipped":0,"pct":100},"statements":{"total":40,"covered":34,"skipped":0,"pct":85},"branches":{"total":8,"covered":4,"skipped":0,"pct":50}}
,"F:\\Projects\\DFSEO_API_Library\\src\\SERP_API\\index.ts": {"lines":{"total":11,"covered":11,"skipped":0,"pct":100},"functions":{"total":2,"covered":2,"skipped":0,"pct":100},"statements":{"total":12,"covered":12,"skipped":0,"pct":100},"branches":{"total":0,"covered":0,"skipped":0,"pct":100}}
,"F:\\Projects\\DFSEO_API_Library\\src\\SERP_API\\bing\\index.ts": {"lines":{"total":11,"covered":9,"skipped":0,"pct":81.82},"functions":{"total":4,"covered":2,"skipped":0,"pct":50},"statements":{"total":12,"covered":10,"skipped":0,"pct":83.33},"branches":{"total":2,"covered":0,"skipped":0,"pct":0}}
,"F:\\Projects\\DFSEO_API_Library\\src\\SERP_API\\bing\\local_pack\\index.ts": {"lines":{"total":11,"covered":9,"skipped":0,"pct":81.82},"functions":{"total":4,"covered":2,"skipped":0,"pct":50},"statements":{"total":12,"covered":10,"skipped":0,"pct":83.33},"branches":{"total":0,"covered":0,"skipped":0,"pct":100}}
,"F:\\Projects\\DFSEO_API_Library\\src\\SERP_API\\bing\\local_pack\\live\\index.ts": {"lines":{"total":7,"covered":5,"skipped":0,"pct":71.43},"functions":{"total":4,"covered":2,"skipped":0,"pct":50},"statements":{"total":8,"covered":6,"skipped":0,"pct":75},"branches":{"total":0,"covered":0,"skipped":0,"pct":100}}
,"F:\\Projects\\DFSEO_API_Library\\src\\SERP_API\\bing\\local_pack\\task_get\\index.ts": {"lines":{"total":7,"covered":5,"skipped":0,"pct":71.43},"functions":{"total":4,"covered":2,"skipped":0,"pct":50},"statements":{"total":8,"covered":6,"skipped":0,"pct":75},"branches":{"total":0,"covered":0,"skipped":0,"pct":100}}
,"F:\\Projects\\DFSEO_API_Library\\src\\SERP_API\\bing\\organic\\index.ts": {"lines":{"total":11,"covered":9,"skipped":0,"pct":81.82},"functions":{"total":4,"covered":2,"skipped":0,"pct":50},"statements":{"total":12,"covered":10,"skipped":0,"pct":83.33},"branches":{"total":0,"covered":0,"skipped":0,"pct":100}}
,"F:\\Projects\\DFSEO_API_Library\\src\\SERP_API\\bing\\organic\\live\\index.ts": {"lines":{"total":7,"covered":5,"skipped":0,"pct":71.43},"functions":{"total":4,"covered":2,"skipped":0,"pct":50},"statements":{"total":8,"covered":6,"skipped":0,"pct":75},"branches":{"total":0,"covered":0,"skipped":0,"pct":100}}
,"F:\\Projects\\DFSEO_API_Library\\src\\SERP_API\\bing\\organic\\task_get\\index.ts": {"lines":{"total":7,"covered":5,"skipped":0,"pct":71.43},"functions":{"total":4,"covered":2,"skipped":0,"pct":50},"statements":{"total":8,"covered":6,"skipped":0,"pct":75},"branches":{"total":0,"covered":0,"skipped":0,"pct":100}}
,"F:\\Projects\\DFSEO_API_Library\\src\\SERP_API\\google\\index.ts": {"lines":{"total":15,"covered":15,"skipped":0,"pct":100},"functions":{"total":4,"covered":4,"skipped":0,"pct":100},"statements":{"total":16,"covered":16,"skipped":0,"pct":100},"branches":{"total":2,"covered":1,"skipped":0,"pct":50}}
,"F:\\Projects\\DFSEO_API_Library\\src\\SERP_API\\google\\images\\index.ts": {"lines":{"total":11,"covered":9,"skipped":0,"pct":81.82},"functions":{"total":4,"covered":2,"skipped":0,"pct":50},"statements":{"total":12,"covered":10,"skipped":0,"pct":83.33},"branches":{"total":0,"covered":0,"skipped":0,"pct":100}}
,"F:\\Projects\\DFSEO_API_Library\\src\\SERP_API\\google\\images\\live\\index.ts": {"lines":{"total":7,"covered":5,"skipped":0,"pct":71.43},"functions":{"total":4,"covered":2,"skipped":0,"pct":50},"statements":{"total":8,"covered":6,"skipped":0,"pct":75},"branches":{"total":0,"covered":0,"skipped":0,"pct":100}}
,"F:\\Projects\\DFSEO_API_Library\\src\\SERP_API\\google\\images\\task_get\\index.ts": {"lines":{"total":7,"covered":5,"skipped":0,"pct":71.43},"functions":{"total":4,"covered":2,"skipped":0,"pct":50},"statements":{"total":8,"covered":6,"skipped":0,"pct":75},"branches":{"total":0,"covered":0,"skipped":0,"pct":100}}
,"F:\\Projects\\DFSEO_API_Library\\src\\SERP_API\\google\\maps\\index.ts": {"lines":{"total":7,"covered":5,"skipped":0,"pct":71.43},"functions":{"total":4,"covered":2,"skipped":0,"pct":50},"statements":{"total":8,"covered":6,"skipped":0,"pct":75},"branches":{"total":0,"covered":0,"skipped":0,"pct":100}}
,"F:\\Projects\\DFSEO_API_Library\\src\\SERP_API\\google\\news\\index.ts": {"lines":{"total":11,"covered":11,"skipped":0,"pct":100},"functions":{"total":4,"covered":4,"skipped":0,"pct":100},"statements":{"total":12,"covered":12,"skipped":0,"pct":100},"branches":{"total":0,"covered":0,"skipped":0,"pct":100}}
,"F:\\Projects\\DFSEO_API_Library\\src\\SERP_API\\google\\news\\live\\index.ts": {"lines":{"total":7,"covered":7,"skipped":0,"pct":100},"functions":{"total":4,"covered":4,"skipped":0,"pct":100},"statements":{"total":8,"covered":8,"skipped":0,"pct":100},"branches":{"total":0,"covered":0,"skipped":0,"pct":100}}
,"F:\\Projects\\DFSEO_API_Library\\src\\SERP_API\\google\\news\\task_get\\index.ts": {"lines":{"total":7,"covered":7,"skipped":0,"pct":100},"functions":{"total":4,"covered":4,"skipped":0,"pct":100},"statements":{"total":8,"covered":8,"skipped":0,"pct":100},"branches":{"total":0,"covered":0,"skipped":0,"pct":100}}
,"F:\\Projects\\DFSEO_API_Library\\src\\SERP_API\\google\\organic\\index.ts": {"lines":{"total":11,"covered":11,"skipped":0,"pct":100},"functions":{"total":4,"covered":4,"skipped":0,"pct":100},"statements":{"total":12,"covered":12,"skipped":0,"pct":100},"branches":{"total":0,"covered":0,"skipped":0,"pct":100}}
,"F:\\Projects\\DFSEO_API_Library\\src\\SERP_API\\google\\organic\\live\\index.ts": {"lines":{"total":9,"covered":9,"skipped":0,"pct":100},"functions":{"total":5,"covered":5,"skipped":0,"pct":100},"statements":{"total":10,"covered":10,"skipped":0,"pct":100},"branches":{"total":0,"covered":0,"skipped":0,"pct":100}}
,"F:\\Projects\\DFSEO_API_Library\\src\\SERP_API\\google\\organic\\task_get\\index.ts": {"lines":{"total":9,"covered":6,"skipped":0,"pct":66.67},"functions":{"total":5,"covered":2,"skipped":0,"pct":40},"statements":{"total":10,"covered":7,"skipped":0,"pct":70},"branches":{"total":0,"covered":0,"skipped":0,"pct":100}}
,"F:\\Projects\\DFSEO_API_Library\\src\\SERP_API\\yahoo\\index.ts": {"lines":{"total":9,"covered":7,"skipped":0,"pct":77.78},"functions":{"total":4,"covered":2,"skipped":0,"pct":50},"statements":{"total":10,"covered":8,"skipped":0,"pct":80},"branches":{"total":2,"covered":0,"skipped":0,"pct":0}}
,"F:\\Projects\\DFSEO_API_Library\\src\\SERP_API\\yahoo\\organic\\index.ts": {"lines":{"total":11,"covered":9,"skipped":0,"pct":81.82},"functions":{"total":4,"covered":2,"skipped":0,"pct":50},"statements":{"total":12,"covered":10,"skipped":0,"pct":83.33},"branches":{"total":0,"covered":0,"skipped":0,"pct":100}}
,"F:\\Projects\\DFSEO_API_Library\\src\\SERP_API\\yahoo\\organic\\live\\index.ts": {"lines":{"total":7,"covered":5,"skipped":0,"pct":71.43},"functions":{"total":4,"covered":2,"skipped":0,"pct":50},"statements":{"total":8,"covered":6,"skipped":0,"pct":75},"branches":{"total":0,"covered":0,"skipped":0,"pct":100}}
,"F:\\Projects\\DFSEO_API_Library\\src\\SERP_API\\yahoo\\organic\\task_get\\index.ts": {"lines":{"total":7,"covered":5,"skipped":0,"pct":71.43},"functions":{"total":4,"covered":2,"skipped":0,"pct":50},"statements":{"total":8,"covered":6,"skipped":0,"pct":75},"branches":{"total":0,"covered":0,"skipped":0,"pct":100}}
,"F:\\Projects\\DFSEO_API_Library\\src\\SERP_API\\yandex\\index.ts": {"lines":{"total":9,"covered":7,"skipped":0,"pct":77.78},"functions":{"total":4,"covered":2,"skipped":0,"pct":50},"statements":{"total":10,"covered":8,"skipped":0,"pct":80},"branches":{"total":2,"covered":0,"skipped":0,"pct":0}}
,"F:\\Projects\\DFSEO_API_Library\\src\\SERP_API\\yandex\\organic\\index.ts": {"lines":{"total":11,"covered":9,"skipped":0,"pct":81.82},"functions":{"total":4,"covered":2,"skipped":0,"pct":50},"statements":{"total":12,"covered":10,"skipped":0,"pct":83.33},"branches":{"total":0,"covered":0,"skipped":0,"pct":100}}
,"F:\\Projects\\DFSEO_API_Library\\src\\SERP_API\\yandex\\organic\\live\\index.ts": {"lines":{"total":7,"covered":5,"skipped":0,"pct":71.43},"functions":{"total":4,"covered":2,"skipped":0,"pct":50},"statements":{"total":8,"covered":6,"skipped":0,"pct":75},"branches":{"total":0,"covered":0,"skipped":0,"pct":100}}
,"F:\\Projects\\DFSEO_API_Library\\src\\SERP_API\\yandex\\organic\\task_get\\index.ts": {"lines":{"total":7,"covered":5,"skipped":0,"pct":71.43},"functions":{"total":4,"covered":2,"skipped":0,"pct":50},"statements":{"total":8,"covered":6,"skipped":0,"pct":75},"branches":{"total":0,"covered":0,"skipped":0,"pct":100}}
,"F:\\Projects\\DFSEO_API_Library\\src\\appendix\\index.ts": {"lines":{"total":7,"covered":5,"skipped":0,"pct":71.43},"functions":{"total":4,"covered":2,"skipped":0,"pct":50},"statements":{"total":8,"covered":6,"skipped":0,"pct":75},"branches":{"total":0,"covered":0,"skipped":0,"pct":100}}
,"F:\\Projects\\DFSEO_API_Library\\src\\helpers\\logger.ts": {"lines":{"total":8,"covered":8,"skipped":0,"pct":100},"functions":{"total":3,"covered":3,"skipped":0,"pct":100},"statements":{"total":9,"covered":9,"skipped":0,"pct":100},"branches":{"total":0,"covered":0,"skipped":0,"pct":100}}
,"F:\\Projects\\DFSEO_API_Library\\src\\keywords_data_API\\index.ts": {"lines":{"total":7,"covered":7,"skipped":0,"pct":100},"functions":{"total":2,"covered":2,"skipped":0,"pct":100},"statements":{"total":8,"covered":8,"skipped":0,"pct":100},"branches":{"total":0,"covered":0,"skipped":0,"pct":100}}
,"F:\\Projects\\DFSEO_API_Library\\src\\keywords_data_API\\google_ads\\index.ts": {"lines":{"total":23,"covered":19,"skipped":0,"pct":82.61},"functions":{"total":6,"covered":2,"skipped":0,"pct":33.33},"statements":{"total":24,"covered":20,"skipped":0,"pct":83.33},"branches":{"total":0,"covered":0,"skipped":0,"pct":100}}
,"F:\\Projects\\DFSEO_API_Library\\src\\keywords_data_API\\google_ads\\ads_traffic_by_keywords\\index.ts": {"lines":{"total":11,"covered":7,"skipped":0,"pct":63.64},"functions":{"total":6,"covered":2,"skipped":0,"pct":33.33},"statements":{"total":12,"covered":8,"skipped":0,"pct":66.67},"branches":{"total":0,"covered":0,"skipped":0,"pct":100}}
,"F:\\Projects\\DFSEO_API_Library\\src\\keywords_data_API\\google_ads\\ads_traffic_by_platforms\\index.ts": {"lines":{"total":11,"covered":7,"skipped":0,"pct":63.64},"functions":{"total":6,"covered":2,"skipped":0,"pct":33.33},"statements":{"total":12,"covered":8,"skipped":0,"pct":66.67},"branches":{"total":0,"covered":0,"skipped":0,"pct":100}}
,"F:\\Projects\\DFSEO_API_Library\\src\\keywords_data_API\\google_ads\\keywords_for_category\\index.ts": {"lines":{"total":11,"covered":7,"skipped":0,"pct":63.64},"functions":{"total":6,"covered":2,"skipped":0,"pct":33.33},"statements":{"total":12,"covered":8,"skipped":0,"pct":66.67},"branches":{"total":0,"covered":0,"skipped":0,"pct":100}}
,"F:\\Projects\\DFSEO_API_Library\\src\\keywords_data_API\\google_ads\\keywords_for_keywords\\index.ts": {"lines":{"total":11,"covered":7,"skipped":0,"pct":63.64},"functions":{"total":6,"covered":2,"skipped":0,"pct":33.33},"statements":{"total":12,"covered":8,"skipped":0,"pct":66.67},"branches":{"total":0,"covered":0,"skipped":0,"pct":100}}
,"F:\\Projects\\DFSEO_API_Library\\src\\keywords_data_API\\google_ads\\keywords_for_site\\index.ts": {"lines":{"total":11,"covered":7,"skipped":0,"pct":63.64},"functions":{"total":6,"covered":2,"skipped":0,"pct":33.33},"statements":{"total":12,"covered":8,"skipped":0,"pct":66.67},"branches":{"total":0,"covered":0,"skipped":0,"pct":100}}
,"F:\\Projects\\DFSEO_API_Library\\src\\keywords_data_API\\google_ads\\search_volume\\index.ts": {"lines":{"total":11,"covered":7,"skipped":0,"pct":63.64},"functions":{"total":6,"covered":2,"skipped":0,"pct":33.33},"statements":{"total":12,"covered":8,"skipped":0,"pct":66.67},"branches":{"total":0,"covered":0,"skipped":0,"pct":100}}
,"F:\\Projects\\DFSEO_API_Library\\src\\keywords_data_API\\google_trends\\index.ts": {"lines":{"total":11,"covered":8,"skipped":0,"pct":72.73},"functions":{"total":5,"covered":2,"skipped":0,"pct":40},"statements":{"total":12,"covered":9,"skipped":0,"pct":75},"branches":{"total":2,"covered":0,"skipped":0,"pct":0}}
,"F:\\Projects\\DFSEO_API_Library\\src\\keywords_data_API\\google_trends\\explore\\index.ts": {"lines":{"total":11,"covered":7,"skipped":0,"pct":63.64},"functions":{"total":6,"covered":2,"skipped":0,"pct":33.33},"statements":{"total":12,"covered":8,"skipped":0,"pct":66.67},"branches":{"total":0,"covered":0,"skipped":0,"pct":100}}
,"F:\\Projects\\DFSEO_API_Library\\src\\traffic_analytics_API\\index.ts": {"lines":{"total":5,"covered":5,"skipped":0,"pct":100},"functions":{"total":2,"covered":2,"skipped":0,"pct":100},"statements":{"total":6,"covered":6,"skipped":0,"pct":100},"branches":{"total":0,"covered":0,"skipped":0,"pct":100}}
,"F:\\Projects\\DFSEO_API_Library\\src\\traffic_analytics_API\\similar_web\\index.ts": {"lines":{"total":11,"covered":7,"skipped":0,"pct":63.64},"functions":{"total":6,"covered":2,"skipped":0,"pct":33.33},"statements":{"total":12,"covered":8,"skipped":0,"pct":66.67},"branches":{"total":0,"covered":0,"skipped":0,"pct":100}}
}
