{"total": {"lines":{"total":117,"covered":111,"skipped":0,"pct":94.87},"statements":{"total":132,"covered":126,"skipped":0,"pct":95.45},"functions":{"total":45,"covered":42,"skipped":0,"pct":93.33},"branches":{"total":10,"covered":6,"skipped":0,"pct":60}}
,"/Users/msorensen/Documents/projects/dataforseoAPI/src/index.ts": {"lines":{"total":25,"covered":22,"skipped":0,"pct":88},"functions":{"total":4,"covered":4,"skipped":0,"pct":100},"statements":{"total":29,"covered":26,"skipped":0,"pct":89.66},"branches":{"total":8,"covered":4,"skipped":0,"pct":50}}
,"/Users/msorensen/Documents/projects/dataforseoAPI/src/SERP_API/index.ts": {"lines":{"total":5,"covered":5,"skipped":0,"pct":100},"functions":{"total":2,"covered":2,"skipped":0,"pct":100},"statements":{"total":6,"covered":6,"skipped":0,"pct":100},"branches":{"total":0,"covered":0,"skipped":0,"pct":100}}
,"/Users/msorensen/Documents/projects/dataforseoAPI/src/SERP_API/google/index.ts": {"lines":{"total":15,"covered":15,"skipped":0,"pct":100},"functions":{"total":4,"covered":4,"skipped":0,"pct":100},"statements":{"total":16,"covered":16,"skipped":0,"pct":100},"branches":{"total":2,"covered":2,"skipped":0,"pct":100}}
,"/Users/msorensen/Documents/projects/dataforseoAPI/src/SERP_API/google/images/index.ts": {"lines":{"total":11,"covered":10,"skipped":0,"pct":90.91},"functions":{"total":4,"covered":3,"skipped":0,"pct":75},"statements":{"total":12,"covered":11,"skipped":0,"pct":91.67},"branches":{"total":0,"covered":0,"skipped":0,"pct":100}}
,"/Users/msorensen/Documents/projects/dataforseoAPI/src/SERP_API/google/images/live/index.ts": {"lines":{"total":7,"covered":7,"skipped":0,"pct":100},"functions":{"total":4,"covered":4,"skipped":0,"pct":100},"statements":{"total":8,"covered":8,"skipped":0,"pct":100},"branches":{"total":0,"covered":0,"skipped":0,"pct":100}}
,"/Users/msorensen/Documents/projects/dataforseoAPI/src/SERP_API/google/images/task_get/index.ts": {"lines":{"total":7,"covered":7,"skipped":0,"pct":100},"functions":{"total":4,"covered":4,"skipped":0,"pct":100},"statements":{"total":8,"covered":8,"skipped":0,"pct":100},"branches":{"total":0,"covered":0,"skipped":0,"pct":100}}
,"/Users/msorensen/Documents/projects/dataforseoAPI/src/SERP_API/google/maps/index.ts": {"lines":{"total":7,"covered":5,"skipped":0,"pct":71.43},"functions":{"total":4,"covered":2,"skipped":0,"pct":50},"statements":{"total":8,"covered":6,"skipped":0,"pct":75},"branches":{"total":0,"covered":0,"skipped":0,"pct":100}}
,"/Users/msorensen/Documents/projects/dataforseoAPI/src/SERP_API/google/news/index.ts": {"lines":{"total":3,"covered":3,"skipped":0,"pct":100},"functions":{"total":2,"covered":2,"skipped":0,"pct":100},"statements":{"total":4,"covered":4,"skipped":0,"pct":100},"branches":{"total":0,"covered":0,"skipped":0,"pct":100}}
,"/Users/msorensen/Documents/projects/dataforseoAPI/src/SERP_API/google/organic/index.ts": {"lines":{"total":11,"covered":11,"skipped":0,"pct":100},"functions":{"total":4,"covered":4,"skipped":0,"pct":100},"statements":{"total":12,"covered":12,"skipped":0,"pct":100},"branches":{"total":0,"covered":0,"skipped":0,"pct":100}}
,"/Users/msorensen/Documents/projects/dataforseoAPI/src/SERP_API/google/organic/live/index.ts": {"lines":{"total":9,"covered":9,"skipped":0,"pct":100},"functions":{"total":5,"covered":5,"skipped":0,"pct":100},"statements":{"total":10,"covered":10,"skipped":0,"pct":100},"branches":{"total":0,"covered":0,"skipped":0,"pct":100}}
,"/Users/msorensen/Documents/projects/dataforseoAPI/src/SERP_API/google/organic/task_get/index.ts": {"lines":{"total":9,"covered":9,"skipped":0,"pct":100},"functions":{"total":5,"covered":5,"skipped":0,"pct":100},"statements":{"total":10,"covered":10,"skipped":0,"pct":100},"branches":{"total":0,"covered":0,"skipped":0,"pct":100}}
,"/Users/msorensen/Documents/projects/dataforseoAPI/src/helpers/logger.ts": {"lines":{"total":8,"covered":8,"skipped":0,"pct":100},"functions":{"total":3,"covered":3,"skipped":0,"pct":100},"statements":{"total":9,"covered":9,"skipped":0,"pct":100},"branches":{"total":0,"covered":0,"skipped":0,"pct":100}}
}
